# JRE version: 6.0_31-b31
# Java VM: OpenJDK 64-Bit Server VM (23.25-b01 mixed mode linux-amd64 compressed oops)
Heap
 PSYoungGen      total 151104K, used 55153K [0x00000000f5560000, 0x0000000100000000, 0x0000000100000000)
  eden space 126848K, 43% used [0x00000000f5560000,0x00000000f8b3c4c8,0x00000000fd140000)
  from space 24256K, 0% used [0x00000000fe850000,0x00000000fe850000,0x0000000100000000)
  to   space 23616K, 0% used [0x00000000fd140000,0x00000000fd140000,0x00000000fe850000)
 ParOldGen       total 117248K, used 55745K [0x00000000e0000000, 0x00000000e7280000, 0x00000000f5560000)
  object space 117248K, 47% used [0x00000000e0000000,0x00000000e3670430,0x00000000e7280000)
 PSPermGen       total 79424K, used 73833K [0x00000000d0000000, 0x00000000d4d90000, 0x00000000e0000000)
  object space 79424K, 92% used [0x00000000d0000000,0x00000000d481a508,0x00000000d4d90000)
GC Heap History (10 events):
Event: 1044.241 GC heap before
{Heap before GC invocations=55 (full 19):
 PSYoungGen      total 150016K, used 384K [0x00000000f5560000, 0x0000000100000000, 0x0000000100000000)
  eden space 124736K, 0% used [0x00000000f5560000,0x00000000f5560000,0x00000000fcf30000)
  from space 25280K, 1% used [0x00000000fe750000,0x00000000fe7b0000,0x0000000100000000)
  to   space 24704K, 0% used [0x00000000fcf30000,0x00000000fcf30000,0x00000000fe750000)
 ParOldGen       total 117248K, used 55362K [0x00000000e0000000, 0x00000000e7280000, 0x00000000f5560000)
  object space 117248K, 47% used [0x00000000e0000000,0x00000000e3610bf8,0x00000000e7280000)
 PSPermGen       total 82304K, used 73693K [0x00000000d0000000, 0x00000000d5060000, 0x00000000e0000000)
  object space 82304K, 89% used [0x00000000d0000000,0x00000000d47f7440,0x00000000d5060000)
Event: 1044.590 GC heap after
Heap after GC invocations=55 (full 19):
 PSYoungGen      total 150016K, used 0K [0x00000000f5560000, 0x0000000100000000, 0x0000000100000000)
  eden space 124736K, 0% used [0x00000000f5560000,0x00000000f5560000,0x00000000fcf30000)
  from space 25280K, 0% used [0x00000000fe750000,0x00000000fe750000,0x0000000100000000)
  to   space 24704K, 0% used [0x00000000fcf30000,0x00000000fcf30000,0x00000000fe750000)
 ParOldGen       total 117248K, used 55553K [0x00000000e0000000, 0x00000000e7280000, 0x00000000f5560000)
  object space 117248K, 47% used [0x00000000e0000000,0x00000000e36406c0,0x00000000e7280000)
 PSPermGen       total 81664K, used 73692K [0x00000000d0000000, 0x00000000d4fc0000, 0x00000000e0000000)
  object space 81664K, 90% used [0x00000000d0000000,0x00000000d47f7200,0x00000000d4fc0000)
}
Event: 1129.246 GC heap before
{Heap before GC invocations=56 (full 19):
 PSYoungGen      total 150016K, used 103379K [0x00000000f5560000, 0x0000000100000000, 0x0000000100000000)
  eden space 124736K, 82% used [0x00000000f5560000,0x00000000fba54c88,0x00000000fcf30000)
  from space 25280K, 0% used [0x00000000fe750000,0x00000000fe750000,0x0000000100000000)
  to   space 24704K, 0% used [0x00000000fcf30000,0x00000000fcf30000,0x00000000fe750000)
 ParOldGen       total 117248K, used 55553K [0x00000000e0000000, 0x00000000e7280000, 0x00000000f5560000)
  object space 117248K, 47% used [0x00000000e0000000,0x00000000e36406c0,0x00000000e7280000)
 PSPermGen       total 81664K, used 73765K [0x00000000d0000000, 0x00000000d4fc0000, 0x00000000e0000000)
  object space 81664K, 90% used [0x00000000d0000000,0x00000000d48095d0,0x00000000d4fc0000)
Event: 1129.269 GC heap after
Heap after GC invocations=56 (full 19):
 PSYoungGen      total 149440K, used 10298K [0x00000000f5560000, 0x0000000100000000, 0x0000000100000000)
  eden space 124736K, 0% used [0x00000000f5560000,0x00000000f5560000,0x00000000fcf30000)
  from space 24704K, 41% used [0x00000000fcf30000,0x00000000fd93e898,0x00000000fe750000)
  to   space 24256K, 0% used [0x00000000fe850000,0x00000000fe850000,0x0000000100000000)
 ParOldGen       total 117248K, used 55553K [0x00000000e0000000, 0x00000000e7280000, 0x00000000f5560000)
  object space 117248K, 47% used [0x00000000e0000000,0x00000000e36406c0,0x00000000e7280000)
 PSPermGen       total 81664K, used 73765K [0x00000000d0000000, 0x00000000d4fc0000, 0x00000000e0000000)
  object space 81664K, 90% used [0x00000000d0000000,0x00000000d48095d0,0x00000000d4fc0000)
}
Event: 1129.269 GC heap before
{Heap before GC invocations=57 (full 20):
 PSYoungGen      total 149440K, used 10298K [0x00000000f5560000, 0x0000000100000000, 0x0000000100000000)
  eden space 124736K, 0% used [0x00000000f5560000,0x00000000f5560000,0x00000000fcf30000)
  from space 24704K, 41% used [0x00000000fcf30000,0x00000000fd93e898,0x00000000fe750000)
  to   space 24256K, 0% used [0x00000000fe850000,0x00000000fe850000,0x0000000100000000)
 ParOldGen       total 117248K, used 55553K [0x00000000e0000000, 0x00000000e7280000, 0x00000000f5560000)
  object space 117248K, 47% used [0x00000000e0000000,0x00000000e36406c0,0x00000000e7280000)
 PSPermGen       total 81664K, used 73765K [0x00000000d0000000, 0x00000000d4fc0000, 0x00000000e0000000)
  object space 81664K, 90% used [0x00000000d0000000,0x00000000d48095d0,0x00000000d4fc0000)
Event: 1129.591 GC heap after
Heap after GC invocations=57 (full 20):
 PSYoungGen      total 149440K, used 0K [0x00000000f5560000, 0x0000000100000000, 0x0000000100000000)
  eden space 124736K, 0% used [0x00000000f5560000,0x00000000f5560000,0x00000000fcf30000)
  from space 24704K, 0% used [0x00000000fcf30000,0x00000000fcf30000,0x00000000fe750000)
  to   space 24256K, 0% used [0x00000000fe850000,0x00000000fe850000,0x0000000100000000)
 ParOldGen       total 117248K, used 55717K [0x00000000e0000000, 0x00000000e7280000, 0x00000000f5560000)
  object space 117248K, 47% used [0x00000000e0000000,0x00000000e3669420,0x00000000e7280000)
 PSPermGen       total 80512K, used 73764K [0x00000000d0000000, 0x00000000d4ea0000, 0x00000000e0000000)
  object space 80512K, 91% used [0x00000000d0000000,0x00000000d4809390,0x00000000d4ea0000)
}
Event: 1202.190 GC heap before
{Heap before GC invocations=58 (full 20):
 PSYoungGen      total 149440K, used 61491K [0x00000000f5560000, 0x0000000100000000, 0x0000000100000000)
  eden space 124736K, 49% used [0x00000000f5560000,0x00000000f916cc30,0x00000000fcf30000)
  from space 24704K, 0% used [0x00000000fcf30000,0x00000000fcf30000,0x00000000fe750000)
  to   space 24256K, 0% used [0x00000000fe850000,0x00000000fe850000,0x0000000100000000)
 ParOldGen       total 117248K, used 55717K [0x00000000e0000000, 0x00000000e7280000, 0x00000000f5560000)
  object space 117248K, 47% used [0x00000000e0000000,0x00000000e3669420,0x00000000e7280000)
 PSPermGen       total 80512K, used 73809K [0x00000000d0000000, 0x00000000d4ea0000, 0x00000000e0000000)
  object space 80512K, 91% used [0x00000000d0000000,0x00000000d4814710,0x00000000d4ea0000)
Event: 1202.217 GC heap after
Heap after GC invocations=58 (full 20):
 PSYoungGen      total 151104K, used 9985K [0x00000000f5560000, 0x0000000100000000, 0x0000000100000000)
  eden space 126848K, 0% used [0x00000000f5560000,0x00000000f5560000,0x00000000fd140000)
  from space 24256K, 41% used [0x00000000fe850000,0x00000000ff2104c0,0x0000000100000000)
  to   space 23616K, 0% used [0x00000000fd140000,0x00000000fd140000,0x00000000fe850000)
 ParOldGen       total 117248K, used 55717K [0x00000000e0000000, 0x00000000e7280000, 0x00000000f5560000)
  object space 117248K, 47% used [0x00000000e0000000,0x00000000e3669420,0x00000000e7280000)
 PSPermGen       total 80512K, used 73809K [0x00000000d0000000, 0x00000000d4ea0000, 0x00000000e0000000)
  object space 80512K, 91% used [0x00000000d0000000,0x00000000d4814710,0x00000000d4ea0000)
}
Event: 1202.217 GC heap before
{Heap before GC invocations=59 (full 21):
 PSYoungGen      total 151104K, used 9985K [0x00000000f5560000, 0x0000000100000000, 0x0000000100000000)
  eden space 126848K, 0% used [0x00000000f5560000,0x00000000f5560000,0x00000000fd140000)
  from space 24256K, 41% used [0x00000000fe850000,0x00000000ff2104c0,0x0000000100000000)
  to   space 23616K, 0% used [0x00000000fd140000,0x00000000fd140000,0x00000000fe850000)
 ParOldGen       total 117248K, used 55717K [0x00000000e0000000, 0x00000000e7280000, 0x00000000f5560000)
  object space 117248K, 47% used [0x00000000e0000000,0x00000000e3669420,0x00000000e7280000)
 PSPermGen       total 80512K, used 73809K [0x00000000d0000000, 0x00000000d4ea0000, 0x00000000e0000000)
  object space 80512K, 91% used [0x00000000d0000000,0x00000000d4814710,0x00000000d4ea0000)
Event: 1202.568 GC heap after
Heap after GC invocations=59 (full 21):
 PSYoungGen      total 151104K, used 0K [0x00000000f5560000, 0x0000000100000000, 0x0000000100000000)
  eden space 126848K, 0% used [0x00000000f5560000,0x00000000f5560000,0x00000000fd140000)
  from space 24256K, 0% used [0x00000000fe850000,0x00000000fe850000,0x0000000100000000)
  to   space 23616K, 0% used [0x00000000fd140000,0x00000000fd140000,0x00000000fe850000)
 ParOldGen       total 117248K, used 55745K [0x00000000e0000000, 0x00000000e7280000, 0x00000000f5560000)
  object space 117248K, 47% used [0x00000000e0000000,0x00000000e3670430,0x00000000e7280000)
 PSPermGen       total 79424K, used 73809K [0x00000000d0000000, 0x00000000d4d90000, 0x00000000e0000000)
  object space 79424K, 92% used [0x00000000d0000000,0x00000000d48145d0,0x00000000d4d90000)
}

